{"/Users/av/Desktop/202/team-project-cmpe202-02-spring2026-code-smellers/frontend/src/lib/buildApiUrl.ts": {"path":"/Users/av/Desktop/202/team-project-cmpe202-02-spring2026-code-smellers/frontend/src/lib/buildApiUrl.ts","all":false,"statementMap":{"0":{"start":{"line":1,"column":0},"end":{"line":1,"column":78}},"1":{"start":{"line":2,"column":0},"end":{"line":2,"column":77}},"2":{"start":{"line":3,"column":0},"end":{"line":3,"column":82}},"3":{"start":{"line":4,"column":0},"end":{"line":4,"column":53}},"4":{"start":{"line":5,"column":0},"end":{"line":5,"column":29}},"5":{"start":{"line":6,"column":0},"end":{"line":6,"column":1}}},"s":{"0":1,"1":4,"2":4,"3":4,"4":4,"5":4},"branchMap":{"0":{"type":"branch","line":2,"loc":{"start":{"line":2,"column":0},"end":{"line":6,"column":1}},"locations":[{"start":{"line":2,"column":0},"end":{"line":6,"column":1}}]},"1":{"type":"branch","line":3,"loc":{"start":{"line":3,"column":26},"end":{"line":3,"column":28}},"locations":[{"start":{"line":3,"column":26},"end":{"line":3,"column":28}}]},"2":{"type":"branch","line":3,"loc":{"start":{"line":3,"column":26},"end":{"line":3,"column":34}},"locations":[{"start":{"line":3,"column":26},"end":{"line":3,"column":34}}]},"3":{"type":"branch","line":3,"loc":{"start":{"line":3,"column":34},"end":{"line":3,"column":61}},"locations":[{"start":{"line":3,"column":34},"end":{"line":3,"column":61}}]},"4":{"type":"branch","line":4,"loc":{"start":{"line":4,"column":33},"end":{"line":4,"column":39}},"locations":[{"start":{"line":4,"column":33},"end":{"line":4,"column":39}}]},"5":{"type":"branch","line":4,"loc":{"start":{"line":4,"column":40},"end":{"line":4,"column":52}},"locations":[{"start":{"line":4,"column":40},"end":{"line":4,"column":52}}]}},"b":{"0":[4],"1":[1],"2":[3],"3":[1],"4":[3],"5":[1]},"fnMap":{"0":{"name":"buildApiUrl","decl":{"start":{"line":2,"column":0},"end":{"line":6,"column":1}},"loc":{"start":{"line":2,"column":0},"end":{"line":6,"column":1}},"line":2}},"f":{"0":4}}
}
